2020-09-01 22:52:32 ---------Init-------------
2020-09-01 22:52:32 Init begin
2020-09-01 22:52:32 InitReceipt begin
2020-09-01 22:52:33 MS BG, InitReceipt fail
2020-09-01 22:52:33 InitReadCard begin
2020-09-01 22:52:33 InitReadCard fail
2020-09-01 22:52:33 InitCardSender fail
2020-09-01 22:52:33 InitMJ begin
2020-09-01 22:52:33 InitMJ fail
2020-09-01 22:52:33 InitLock begin
2020-09-01 22:52:33 InitLock fail
2020-09-01 22:52:33 InitTakePhoto begin
2020-09-01 22:52:33 InitTopTakePhoto fail
2020-09-01 22:52:33 InitCash begin, type=BA08
2020-09-01 22:52:33 InitCash end
2020-09-01 22:52:33 InitLaserPrinter
2020-09-01 22:52:33 InitLaserPrinter Success
2020-09-01 22:52:33 Init end
2020-09-01 22:52:35 ------------------------开始读身份证0
2020-09-01 22:52:35 ---------ShenFenZhengHardware-------------
2020-09-01 22:52:35 -----开始读身份证1
2020-09-01 22:52:35 扫描身份证失败：打开二代证设备失败
2020-09-01 22:52:35 ! 打开二代证设备失败
2020-09-01 22:52:35 -----结束读身份证0
2020-09-01 22:52:41 凭条打印机检测状态 ReceiptStatus
2020-09-01 22:52:41 ret=1, checkResult=打印机未连接或未上电
2020-09-01 22:52:41 resultContent= DEVERROR
2020-09-01 22:52:46 ---------ReadCardICPowerOn-------------
2020-09-01 22:52:47  发卡器模块获取卡状态异常：
2020-09-01 22:52:48 ---------ReadCardICPowerOff-------------
2020-09-01 22:52:48 ---------CardSenderWriteCardHardware-------------
2020-09-01 22:52:48  发卡器模块获取卡状态异常
2020-09-01 22:58:48 ---------CardSenderWriteCardHardware-------------
2020-09-01 22:58:48  发卡器模块获取卡状态异常
2020-09-01 22:58:49  发卡器模块获取卡状态异常：
2020-09-01 22:58:50 ---------LockOpenHardware-------------
2020-09-01 22:58:51 ---------LockCloseHardware-------------
2020-09-01 22:58:53 ---------LaserPrintStatusHardware-------------
2020-09-01 22:58:53 InitLaserPrinter
2020-09-01 22:58:53 InitLaserPrinter Success
2020-09-01 22:59:01 ---------LaserPrintStatusHardware-------------
2020-09-01 22:59:01 InitLaserPrinter
2020-09-01 22:59:01 InitLaserPrinter Success
2020-09-01 23:01:23 ---------Init-------------
2020-09-01 23:01:23 Init begin
2020-09-01 23:01:23 InitReceipt begin
2020-09-01 23:01:23 MS BG, InitReceipt fail
2020-09-01 23:01:23 InitReadCard begin
2020-09-01 23:01:23 InitReadCard fail
2020-09-01 23:01:23 InitCardSender fail
2020-09-01 23:01:23 InitMJ begin
2020-09-01 23:01:23 InitMJ fail
2020-09-01 23:01:24 InitLock begin
2020-09-01 23:01:24 InitLock fail
2020-09-01 23:01:24 InitTakePhoto begin
2020-09-01 23:01:24 InitTopTakePhoto fail
2020-09-01 23:01:24 InitCash begin, type=BA08
2020-09-01 23:01:24 InitCash end
2020-09-01 23:01:24 InitLaserPrinter
2020-09-01 23:01:24 InitLaserPrinter Success
2020-09-01 23:01:24 Init end
2020-09-01 23:07:01  发卡器模块获取卡状态异常：
2020-09-01 23:08:29 ---------LockOpenHardware-------------
2020-09-01 23:08:30 ---------DoorLightOpenHardware-------------
2020-09-01 23:08:30  发卡器模块获取卡状态异常：
2020-09-01 23:08:31 凭条打印机检测状态 ReceiptStatus
2020-09-01 23:08:31 ret=1, checkResult=打印机未连接或未上电
2020-09-01 23:08:31 resultContent= DEVERROR
2020-09-01 23:08:32 ------------------------开始读身份证0
2020-09-01 23:08:32 ---------ShenFenZhengHardware-------------
2020-09-01 23:08:32 -----开始读身份证1
2020-09-01 23:08:32 扫描身份证失败：打开二代证设备失败
2020-09-01 23:08:32 ! 打开二代证设备失败
2020-09-01 23:08:32 -----结束读身份证0
2020-09-01 23:08:32 ------------------------开始读身份证0
2020-09-01 23:08:32 ---------ShenFenZhengHardware-------------
2020-09-01 23:08:32 -----开始读身份证1
2020-09-01 23:08:32 扫描身份证失败：打开二代证设备失败
2020-09-01 23:08:32 ! 打开二代证设备失败
2020-09-01 23:08:32 -----结束读身份证0
2020-09-01 23:08:32 ------------------------开始读身份证0
2020-09-01 23:08:32 ---------ShenFenZhengHardware-------------
2020-09-01 23:08:32 -----开始读身份证1
2020-09-01 23:08:32 扫描身份证失败：打开二代证设备失败
2020-09-01 23:08:32 ! 打开二代证设备失败
2020-09-01 23:08:32 -----结束读身份证0
2020-09-01 23:08:32 ------------------------开始读身份证0
2020-09-01 23:08:32 ---------ShenFenZhengHardware-------------
2020-09-01 23:08:32 -----开始读身份证1
2020-09-01 23:08:32 扫描身份证失败：打开二代证设备失败
2020-09-01 23:08:33 ! 打开二代证设备失败
2020-09-01 23:08:33 -----结束读身份证0
2020-09-01 23:08:33 ------------------------开始读身份证0
2020-09-01 23:08:33 ---------ShenFenZhengHardware-------------
2020-09-01 23:08:33 -----开始读身份证1
2020-09-01 23:08:33 扫描身份证失败：打开二代证设备失败
2020-09-01 23:08:33 ! 打开二代证设备失败
2020-09-01 23:08:33 -----结束读身份证0
2020-09-01 23:08:33 ------------------------开始读身份证0
2020-09-01 23:08:33 ---------ShenFenZhengHardware-------------
2020-09-01 23:08:33 -----开始读身份证1
2020-09-01 23:08:33 扫描身份证失败：打开二代证设备失败
2020-09-01 23:08:33 ! 打开二代证设备失败
2020-09-01 23:08:33 -----结束读身份证0
2020-09-01 23:08:33 ------------------------开始读身份证0
2020-09-01 23:08:33 ---------ShenFenZhengHardware-------------
2020-09-01 23:08:33 -----开始读身份证1
2020-09-01 23:08:33 扫描身份证失败：打开二代证设备失败
2020-09-01 23:08:34 ! 打开二代证设备失败
2020-09-01 23:08:34 -----结束读身份证0
2020-09-01 23:08:36 ------------------------开始读身份证0
2020-09-01 23:08:36 ---------ShenFenZhengHardware-------------
2020-09-01 23:08:36 -----开始读身份证1
2020-09-01 23:08:36 扫描身份证失败：打开二代证设备失败
2020-09-01 23:08:36 ! 打开二代证设备失败
2020-09-01 23:08:36 -----结束读身份证0
2020-09-01 23:10:49 读社保卡号
2020-09-01 23:10:52 ---------ReadCardICPowerOff-------------
