2020-04-02 10:31:22 ---------Init-------------
2020-04-02 10:31:22 Init begin
2020-04-02 10:31:22 Init end
2020-04-02 10:31:33 ------------------------开始读身份证0
2020-04-02 10:31:33 ---------ShenFenZhengHardware-------------
2020-04-02 10:31:33 -----开始读身份证1
2020-04-02 10:31:34 读到数据:程达|
2020-04-02 10:31:34 -----身份证读取结束1
2020-04-02 10:31:34 -----结束读身份证0
2020-04-02 10:31:35 ------------------------开始读身份证0
2020-04-02 10:31:35 ---------ShenFenZhengHardware-------------
2020-04-02 10:31:35 -----开始读身份证1
2020-04-02 10:31:36 读到数据:程达|
2020-04-02 10:31:36 -----身份证读取结束1
2020-04-02 10:31:36 -----结束读身份证0
2020-04-02 10:31:37 ------------------------开始读身份证0
2020-04-02 10:31:37 ---------ShenFenZhengHardware-------------
2020-04-02 10:31:37 -----开始读身份证1
2020-04-02 10:31:37 读到数据:程达|
2020-04-02 10:31:37 -----身份证读取结束1
2020-04-02 10:31:37 -----结束读身份证0
2020-04-02 10:31:38 ------------------------开始读身份证0
2020-04-02 10:31:38 ---------ShenFenZhengHardware-------------
2020-04-02 10:31:38 -----开始读身份证1
2020-04-02 10:31:38 读到数据:程达|
2020-04-02 10:31:38 -----身份证读取结束1
2020-04-02 10:31:38 -----结束读身份证0
2020-04-02 10:31:38 ------------------------开始读身份证0
2020-04-02 10:31:38 ---------ShenFenZhengHardware-------------
2020-04-02 10:31:38 -----开始读身份证1
2020-04-02 10:31:39 读到数据:程达|
2020-04-02 10:31:39 -----身份证读取结束1
2020-04-02 10:31:39 -----结束读身份证0
2020-04-02 10:31:39 ------------------------开始读身份证0
2020-04-02 10:31:39 ---------ShenFenZhengHardware-------------
2020-04-02 10:31:39 -----开始读身份证1
2020-04-02 10:31:40 读到数据:程达|
2020-04-02 10:31:40 -----身份证读取结束1
2020-04-02 10:31:40 -----结束读身份证0
2020-04-02 10:31:40 ------------------------开始读身份证0
2020-04-02 10:31:40 ---------ShenFenZhengHardware-------------
2020-04-02 10:31:40 -----开始读身份证1
2020-04-02 10:31:40 读到数据:程达|
2020-04-02 10:31:40 -----身份证读取结束1
2020-04-02 10:31:40 -----结束读身份证0
2020-04-02 10:31:40 ------------------------开始读身份证0
2020-04-02 10:31:40 ---------ShenFenZhengHardware-------------
2020-04-02 10:31:40 -----开始读身份证1
2020-04-02 10:31:41 读到数据:程达|
2020-04-02 10:31:41 -----身份证读取结束1
2020-04-02 10:31:41 -----结束读身份证0
2020-04-02 10:31:41 ------------------------开始读身份证0
2020-04-02 10:31:41 ---------ShenFenZhengHardware-------------
2020-04-02 10:31:41 -----开始读身份证1
2020-04-02 10:31:42 读到数据:程达|
2020-04-02 10:31:42 -----身份证读取结束1
2020-04-02 10:31:42 -----结束读身份证0
2020-04-02 10:31:42 ------------------------开始读身份证0
2020-04-02 10:31:42 ---------ShenFenZhengHardware-------------
2020-04-02 10:31:42 -----开始读身份证1
2020-04-02 10:31:42 读到数据:程达|
2020-04-02 10:31:42 -----身份证读取结束1
2020-04-02 10:31:42 -----结束读身份证0
2020-04-02 10:31:42 ------------------------开始读身份证0
2020-04-02 10:31:42 ---------ShenFenZhengHardware-------------
2020-04-02 10:31:42 -----开始读身份证1
2020-04-02 10:31:43 读到数据:程达|
2020-04-02 10:31:43 -----身份证读取结束1
2020-04-02 10:31:43 -----结束读身份证0
2020-04-02 10:31:43 ------------------------开始读身份证0
2020-04-02 10:31:43 ---------ShenFenZhengHardware-------------
2020-04-02 10:31:43 -----开始读身份证1
2020-04-02 10:31:44 读到数据:程达|
2020-04-02 10:31:44 -----身份证读取结束1
2020-04-02 10:31:44 -----结束读身份证0
2020-04-02 10:31:44 ------------------------开始读身份证0
2020-04-02 10:31:44 ---------ShenFenZhengHardware-------------
2020-04-02 10:31:44 -----开始读身份证1
2020-04-02 10:31:44 读到数据:程达|
2020-04-02 10:31:44 -----身份证读取结束1
2020-04-02 10:31:44 -----结束读身份证0
2020-04-02 10:31:44 ------------------------开始读身份证0
2020-04-02 10:31:44 ---------ShenFenZhengHardware-------------
2020-04-02 10:31:44 -----开始读身份证1
2020-04-02 10:31:45 读到数据:程达|
2020-04-02 10:31:45 -----身份证读取结束1
2020-04-02 10:31:45 -----结束读身份证0
2020-04-02 10:31:45 ------------------------开始读身份证0
2020-04-02 10:31:45 ---------ShenFenZhengHardware-------------
2020-04-02 10:31:45 -----开始读身份证1
2020-04-02 10:31:45 读到数据:程达|
2020-04-02 10:31:46 -----身份证读取结束1
2020-04-02 10:31:46 -----结束读身份证0
2020-04-02 10:31:46 ------------------------开始读身份证0
2020-04-02 10:31:46 ---------ShenFenZhengHardware-------------
2020-04-02 10:31:46 -----开始读身份证1
2020-04-02 10:31:46 读到数据:程达|
2020-04-02 10:31:46 -----身份证读取结束1
2020-04-02 10:31:46 -----结束读身份证0
2020-04-02 10:31:46 ------------------------开始读身份证0
2020-04-02 10:31:46 ---------ShenFenZhengHardware-------------
2020-04-02 10:31:46 -----开始读身份证1
2020-04-02 10:31:47 读到数据:程达|
2020-04-02 10:31:47 -----身份证读取结束1
2020-04-02 10:31:47 -----结束读身份证0
2020-04-02 10:31:47 ------------------------开始读身份证0
2020-04-02 10:31:47 ---------ShenFenZhengHardware-------------
2020-04-02 10:31:47 -----开始读身份证1
2020-04-02 10:31:47 读到数据:程达|
2020-04-02 10:31:47 -----身份证读取结束1
2020-04-02 10:31:47 -----结束读身份证0
2020-04-02 10:31:47 ------------------------开始读身份证0
2020-04-02 10:31:47 ---------ShenFenZhengHardware-------------
2020-04-02 10:31:47 -----开始读身份证1
2020-04-02 10:31:48 读到数据:程达|
2020-04-02 10:31:48 -----身份证读取结束1
2020-04-02 10:31:48 -----结束读身份证0
2020-04-02 10:31:48 ------------------------开始读身份证0
2020-04-02 10:31:48 ---------ShenFenZhengHardware-------------
2020-04-02 10:31:48 -----开始读身份证1
2020-04-02 10:31:49 读到数据:程达|
2020-04-02 10:31:49 -----身份证读取结束1
2020-04-02 10:31:49 -----结束读身份证0
2020-04-02 10:31:49 ------------------------开始读身份证0
2020-04-02 10:31:49 ---------ShenFenZhengHardware-------------
2020-04-02 10:31:49 -----开始读身份证1
2020-04-02 10:31:49 读到数据:程达|
2020-04-02 10:31:49 -----身份证读取结束1
2020-04-02 10:31:49 -----结束读身份证0
2020-04-02 10:31:49 ------------------------开始读身份证0
2020-04-02 10:31:49 ---------ShenFenZhengHardware-------------
2020-04-02 10:31:49 -----开始读身份证1
2020-04-02 10:31:50 读到数据:程达|
2020-04-02 10:31:50 -----身份证读取结束1
2020-04-02 10:31:50 -----结束读身份证0
2020-04-02 10:31:50 ------------------------开始读身份证0
2020-04-02 10:31:50 ---------ShenFenZhengHardware-------------
2020-04-02 10:31:50 -----开始读身份证1
2020-04-02 10:31:51 读到数据:程达|
2020-04-02 10:31:51 -----身份证读取结束1
2020-04-02 10:31:51 -----结束读身份证0
2020-04-02 10:31:51 ------------------------开始读身份证0
2020-04-02 10:31:51 ---------ShenFenZhengHardware-------------
2020-04-02 10:31:51 -----开始读身份证1
2020-04-02 10:31:51 读到数据:程达|
2020-04-02 10:31:51 -----身份证读取结束1
2020-04-02 10:31:51 -----结束读身份证0
2020-04-02 10:31:51 ------------------------开始读身份证0
2020-04-02 10:31:51 ---------ShenFenZhengHardware-------------
2020-04-02 10:31:51 -----开始读身份证1
2020-04-02 10:31:52 读到数据:程达|
2020-04-02 10:31:52 -----身份证读取结束1
2020-04-02 10:31:52 -----结束读身份证0
2020-04-02 10:31:52 ------------------------开始读身份证0
2020-04-02 10:31:52 ---------ShenFenZhengHardware-------------
2020-04-02 10:31:52 -----开始读身份证1
2020-04-02 10:31:52 读到数据:程达|
2020-04-02 10:31:52 -----身份证读取结束1
2020-04-02 10:31:52 -----结束读身份证0
2020-04-02 10:31:52 ------------------------开始读身份证0
2020-04-02 10:31:52 ---------ShenFenZhengHardware-------------
2020-04-02 10:31:52 -----开始读身份证1
2020-04-02 10:31:53 读到数据:程达|
2020-04-02 10:31:53 -----身份证读取结束1
2020-04-02 10:31:53 -----结束读身份证0
2020-04-02 10:31:53 ------------------------开始读身份证0
2020-04-02 10:31:53 ---------ShenFenZhengHardware-------------
2020-04-02 10:31:53 -----开始读身份证1
2020-04-02 10:31:54 读到数据:程达|
2020-04-02 10:31:54 -----身份证读取结束1
2020-04-02 10:31:54 -----结束读身份证0
2020-04-02 10:31:54 ------------------------开始读身份证0
2020-04-02 10:31:54 ---------ShenFenZhengHardware-------------
2020-04-02 10:31:54 -----开始读身份证1
2020-04-02 10:31:54 读到数据:程达|
2020-04-02 10:31:54 -----身份证读取结束1
2020-04-02 10:31:54 -----结束读身份证0
2020-04-02 10:31:54 ------------------------开始读身份证0
2020-04-02 10:31:54 ---------ShenFenZhengHardware-------------
2020-04-02 10:31:54 -----开始读身份证1
2020-04-02 10:31:55 读到数据:程达|
2020-04-02 10:31:55 -----身份证读取结束1
2020-04-02 10:31:55 -----结束读身份证0
2020-04-02 10:31:55 ------------------------开始读身份证0
2020-04-02 10:31:55 ---------ShenFenZhengHardware-------------
2020-04-02 10:31:55 -----开始读身份证1
2020-04-02 10:31:56 读到数据:程达|
2020-04-02 10:31:56 -----身份证读取结束1
2020-04-02 10:31:56 -----结束读身份证0
2020-04-02 10:32:00 ------------------------开始读身份证0
2020-04-02 10:32:00 ---------ShenFenZhengHardware-------------
2020-04-02 10:32:00 -----开始读身份证1
2020-04-02 10:32:01 读到数据:程达|
2020-04-02 10:32:01 -----身份证读取结束1
2020-04-02 10:32:01 -----结束读身份证0
2020-04-02 10:32:01 ------------------------开始读身份证0
2020-04-02 10:32:01 ---------ShenFenZhengHardware-------------
2020-04-02 10:32:01 -----开始读身份证1
2020-04-02 10:32:01 读到数据:程达|
2020-04-02 10:32:01 -----身份证读取结束1
2020-04-02 10:32:01 -----结束读身份证0
2020-04-02 10:32:01 ------------------------开始读身份证0
2020-04-02 10:32:01 ---------ShenFenZhengHardware-------------
2020-04-02 10:32:01 -----开始读身份证1
2020-04-02 10:32:02 读到数据:程达|
2020-04-02 10:32:02 -----身份证读取结束1
2020-04-02 10:32:02 -----结束读身份证0
2020-04-02 10:32:02 ------------------------开始读身份证0
2020-04-02 10:32:02 ---------ShenFenZhengHardware-------------
2020-04-02 10:32:02 -----开始读身份证1
2020-04-02 10:32:02 读到数据:程达|
2020-04-02 10:32:02 -----身份证读取结束1
2020-04-02 10:32:02 -----结束读身份证0
2020-04-02 10:32:03 ------------------------开始读身份证0
2020-04-02 10:32:03 ---------ShenFenZhengHardware-------------
2020-04-02 10:32:03 -----开始读身份证1
2020-04-02 10:32:03 读到数据:程达|
2020-04-02 10:32:03 -----身份证读取结束1
2020-04-02 10:32:03 -----结束读身份证0
2020-04-02 10:32:03 ------------------------开始读身份证0
2020-04-02 10:32:03 ---------ShenFenZhengHardware-------------
2020-04-02 10:32:03 -----开始读身份证1
2020-04-02 10:32:04 读到数据:程达|
2020-04-02 10:32:04 -----身份证读取结束1
2020-04-02 10:32:04 -----结束读身份证0
2020-04-02 10:32:04 ------------------------开始读身份证0
2020-04-02 10:32:04 ---------ShenFenZhengHardware-------------
2020-04-02 10:32:04 -----开始读身份证1
2020-04-02 10:32:04 读到数据:程达|
2020-04-02 10:32:04 -----身份证读取结束1
2020-04-02 10:32:04 -----结束读身份证0
2020-04-02 10:32:04 ------------------------开始读身份证0
2020-04-02 10:32:04 ---------ShenFenZhengHardware-------------
2020-04-02 10:32:04 -----开始读身份证1
2020-04-02 10:32:05 读到数据:程达|
2020-04-02 10:32:05 -----身份证读取结束1
2020-04-02 10:32:05 -----结束读身份证0
2020-04-02 10:32:05 ------------------------开始读身份证0
2020-04-02 10:32:05 ---------ShenFenZhengHardware-------------
2020-04-02 10:32:05 -----开始读身份证1
2020-04-02 10:32:06 读到数据:程达|
2020-04-02 10:32:06 -----身份证读取结束1
2020-04-02 10:32:06 -----结束读身份证0
2020-04-02 10:32:06 ------------------------开始读身份证0
2020-04-02 10:32:06 ---------ShenFenZhengHardware-------------
2020-04-02 10:32:06 -----开始读身份证1
2020-04-02 10:32:06 读到数据:程达|
2020-04-02 10:32:06 -----身份证读取结束1
2020-04-02 10:32:06 -----结束读身份证0
2020-04-02 10:32:06 ------------------------开始读身份证0
2020-04-02 10:32:06 ---------ShenFenZhengHardware-------------
2020-04-02 10:32:06 -----开始读身份证1
2020-04-02 10:32:07 读到数据:程达|
2020-04-02 10:32:07 -----身份证读取结束1
2020-04-02 10:32:07 -----结束读身份证0
2020-04-02 10:32:07 ------------------------开始读身份证0
2020-04-02 10:32:07 ---------ShenFenZhengHardware-------------
2020-04-02 10:32:07 -----开始读身份证1
2020-04-02 10:32:08 读到数据:程达|
2020-04-02 10:32:08 -----身份证读取结束1
2020-04-02 10:32:08 -----结束读身份证0
2020-04-02 10:32:08 ------------------------开始读身份证0
2020-04-02 10:32:08 ---------ShenFenZhengHardware-------------
2020-04-02 10:32:08 -----开始读身份证1
2020-04-02 10:32:08 读到数据:程达|
2020-04-02 10:32:08 -----身份证读取结束1
2020-04-02 10:32:08 -----结束读身份证0
2020-04-02 10:32:08 ------------------------开始读身份证0
2020-04-02 10:32:08 ---------ShenFenZhengHardware-------------
2020-04-02 10:32:08 -----开始读身份证1
2020-04-02 10:32:09 读到数据:程达|
2020-04-02 10:32:09 -----身份证读取结束1
2020-04-02 10:32:09 -----结束读身份证0
2020-04-02 10:32:09 ------------------------开始读身份证0
2020-04-02 10:32:09 ---------ShenFenZhengHardware-------------
2020-04-02 10:32:09 -----开始读身份证1
2020-04-02 10:32:09 读到数据:程达|
2020-04-02 10:32:09 -----身份证读取结束1
2020-04-02 10:32:09 -----结束读身份证0
2020-04-02 10:32:09 ------------------------开始读身份证0
2020-04-02 10:32:09 ---------ShenFenZhengHardware-------------
2020-04-02 10:32:09 -----开始读身份证1
2020-04-02 10:32:10 读到数据:程达|
2020-04-02 10:32:10 -----身份证读取结束1
2020-04-02 10:32:10 -----结束读身份证0
2020-04-02 10:32:10 ------------------------开始读身份证0
2020-04-02 10:32:10 ---------ShenFenZhengHardware-------------
2020-04-02 10:32:10 -----开始读身份证1
2020-04-02 10:32:11 读到数据:程达|
2020-04-02 10:32:11 -----身份证读取结束1
2020-04-02 10:32:11 -----结束读身份证0
2020-04-02 10:32:11 ------------------------开始读身份证0
2020-04-02 10:32:11 ---------ShenFenZhengHardware-------------
2020-04-02 10:32:11 -----开始读身份证1
2020-04-02 10:32:11 读到数据:程达|
2020-04-02 10:32:11 -----身份证读取结束1
2020-04-02 10:32:11 -----结束读身份证0
2020-04-02 10:32:11 ------------------------开始读身份证0
2020-04-02 10:32:11 ---------ShenFenZhengHardware-------------
2020-04-02 10:32:11 -----开始读身份证1
2020-04-02 10:32:12 读到数据:程达|
2020-04-02 10:32:12 -----身份证读取结束1
2020-04-02 10:32:12 -----结束读身份证0
2020-04-02 10:32:12 ------------------------开始读身份证0
2020-04-02 10:32:12 ---------ShenFenZhengHardware-------------
2020-04-02 10:32:12 -----开始读身份证1
2020-04-02 10:32:13 读到数据:程达|
2020-04-02 10:32:13 -----身份证读取结束1
2020-04-02 10:32:13 -----结束读身份证0
2020-04-02 10:32:13 ------------------------开始读身份证0
2020-04-02 10:32:13 ---------ShenFenZhengHardware-------------
2020-04-02 10:32:13 -----开始读身份证1
2020-04-02 10:32:13 读到数据:程达|
2020-04-02 10:32:13 -----身份证读取结束1
2020-04-02 10:32:13 -----结束读身份证0
2020-04-02 10:32:13 ------------------------开始读身份证0
2020-04-02 10:32:13 ---------ShenFenZhengHardware-------------
2020-04-02 10:32:13 -----开始读身份证1
2020-04-02 10:32:14 读到数据:程达|
2020-04-02 10:32:14 -----身份证读取结束1
2020-04-02 10:32:14 -----结束读身份证0
2020-04-02 10:32:14 ------------------------开始读身份证0
2020-04-02 10:32:14 ---------ShenFenZhengHardware-------------
2020-04-02 10:32:14 -----开始读身份证1
2020-04-02 10:32:14 读到数据:程达|
2020-04-02 10:32:15 -----身份证读取结束1
2020-04-02 10:32:15 -----结束读身份证0
2020-04-02 10:32:15 ------------------------开始读身份证0
2020-04-02 10:32:15 ---------ShenFenZhengHardware-------------
2020-04-02 10:32:15 -----开始读身份证1
2020-04-02 10:32:15 读到数据:程达|
2020-04-02 10:32:15 -----身份证读取结束1
2020-04-02 10:32:15 -----结束读身份证0
2020-04-02 10:32:15 ------------------------开始读身份证0
2020-04-02 10:32:15 ---------ShenFenZhengHardware-------------
2020-04-02 10:32:15 -----开始读身份证1
2020-04-02 10:32:16 读到数据:程达|
2020-04-02 10:32:16 -----身份证读取结束1
2020-04-02 10:32:16 -----结束读身份证0
2020-04-02 10:32:16 ------------------------开始读身份证0
2020-04-02 10:32:16 ---------ShenFenZhengHardware-------------
2020-04-02 10:32:16 -----开始读身份证1
2020-04-02 10:32:16 读到数据:程达|
2020-04-02 10:32:16 -----身份证读取结束1
2020-04-02 10:32:16 -----结束读身份证0
2020-04-02 10:32:16 ------------------------开始读身份证0
2020-04-02 10:32:16 ---------ShenFenZhengHardware-------------
2020-04-02 10:32:16 -----开始读身份证1
2020-04-02 10:32:17 读到数据:程达|
2020-04-02 10:32:17 -----身份证读取结束1
2020-04-02 10:32:17 -----结束读身份证0
2020-04-02 10:32:17 ------------------------开始读身份证0
2020-04-02 10:32:17 ---------ShenFenZhengHardware-------------
2020-04-02 10:32:17 -----开始读身份证1
2020-04-02 10:32:18 读到数据:程达|
2020-04-02 10:32:18 -----身份证读取结束1
2020-04-02 10:32:18 -----结束读身份证0
2020-04-02 10:32:18 ------------------------开始读身份证0
2020-04-02 10:32:18 ---------ShenFenZhengHardware-------------
2020-04-02 10:32:18 -----开始读身份证1
2020-04-02 10:32:18 读到数据:程达|
2020-04-02 10:32:18 -----身份证读取结束1
2020-04-02 10:32:18 -----结束读身份证0
2020-04-02 10:32:18 ------------------------开始读身份证0
2020-04-02 10:32:18 ---------ShenFenZhengHardware-------------
2020-04-02 10:32:18 -----开始读身份证1
2020-04-02 10:32:19 读到数据:程达|
2020-04-02 10:32:19 -----身份证读取结束1
2020-04-02 10:32:19 -----结束读身份证0
2020-04-02 10:32:19 ------------------------开始读身份证0
2020-04-02 10:32:19 ---------ShenFenZhengHardware-------------
2020-04-02 10:32:19 -----开始读身份证1
2020-04-02 10:32:20 读到数据:程达|
2020-04-02 10:32:20 -----身份证读取结束1
2020-04-02 10:32:20 -----结束读身份证0
2020-04-02 10:32:20 ------------------------开始读身份证0
2020-04-02 10:32:20 ---------ShenFenZhengHardware-------------
2020-04-02 10:32:20 -----开始读身份证1
2020-04-02 10:32:20 读到数据:程达|
2020-04-02 10:32:20 -----身份证读取结束1
2020-04-02 10:32:20 -----结束读身份证0
2020-04-02 10:32:20 ------------------------开始读身份证0
2020-04-02 10:32:20 ---------ShenFenZhengHardware-------------
2020-04-02 10:32:20 -----开始读身份证1
2020-04-02 10:32:21 读到数据:程达|
2020-04-02 10:32:21 -----身份证读取结束1
2020-04-02 10:32:21 -----结束读身份证0
2020-04-02 10:32:21 ------------------------开始读身份证0
2020-04-02 10:32:21 ---------ShenFenZhengHardware-------------
2020-04-02 10:32:21 -----开始读身份证1
2020-04-02 10:32:22 读到数据:程达|
2020-04-02 10:32:22 -----身份证读取结束1
2020-04-02 10:32:22 -----结束读身份证0
2020-04-02 10:32:22 ------------------------开始读身份证0
2020-04-02 10:32:22 ---------ShenFenZhengHardware-------------
2020-04-02 10:32:22 -----开始读身份证1
2020-04-02 10:32:22 读到数据:程达|
2020-04-02 10:32:22 -----身份证读取结束1
2020-04-02 10:32:22 -----结束读身份证0
2020-04-02 10:32:22 ------------------------开始读身份证0
2020-04-02 10:32:22 ---------ShenFenZhengHardware-------------
2020-04-02 10:32:22 -----开始读身份证1
2020-04-02 10:32:23 读到数据:程达|
2020-04-02 10:32:23 -----身份证读取结束1
2020-04-02 10:32:23 -----结束读身份证0
2020-04-02 10:32:23 ------------------------开始读身份证0
2020-04-02 10:32:23 ---------ShenFenZhengHardware-------------
2020-04-02 10:32:23 -----开始读身份证1
2020-04-02 10:32:24 读到数据:程达|
2020-04-02 10:32:24 -----身份证读取结束1
2020-04-02 10:32:24 -----结束读身份证0
2020-04-02 10:32:24 ------------------------开始读身份证0
2020-04-02 10:32:24 ---------ShenFenZhengHardware-------------
2020-04-02 10:32:24 -----开始读身份证1
2020-04-02 10:32:24 读到数据:程达|
2020-04-02 10:32:24 -----身份证读取结束1
2020-04-02 10:32:24 -----结束读身份证0
2020-04-02 10:32:24 ------------------------开始读身份证0
2020-04-02 10:32:24 ---------ShenFenZhengHardware-------------
2020-04-02 10:32:24 -----开始读身份证1
2020-04-02 10:32:25 读到数据:程达|
2020-04-02 10:32:25 -----身份证读取结束1
2020-04-02 10:32:25 -----结束读身份证0
2020-04-02 10:32:25 ------------------------开始读身份证0
2020-04-02 10:32:25 ---------ShenFenZhengHardware-------------
2020-04-02 10:32:25 -----开始读身份证1
2020-04-02 10:32:26 读到数据:程达|
2020-04-02 10:32:26 -----身份证读取结束1
2020-04-02 10:32:26 -----结束读身份证0
2020-04-02 10:32:26 ------------------------开始读身份证0
2020-04-02 10:32:26 ---------ShenFenZhengHardware-------------
2020-04-02 10:32:26 -----开始读身份证1
2020-04-02 10:32:26 读到数据:程达|
2020-04-02 10:32:26 -----身份证读取结束1
2020-04-02 10:32:26 -----结束读身份证0
2020-04-02 10:32:26 ------------------------开始读身份证0
2020-04-02 10:32:26 ---------ShenFenZhengHardware-------------
2020-04-02 10:32:26 -----开始读身份证1
2020-04-02 10:32:27 读到数据:程达|
2020-04-02 10:32:27 -----身份证读取结束1
2020-04-02 10:32:27 -----结束读身份证0
2020-04-02 10:32:42 ------------------------开始读身份证0
2020-04-02 10:32:42 ---------ShenFenZhengHardware-------------
2020-04-02 10:32:42 -----开始读身份证1
2020-04-02 10:32:43 读到数据:程达|
2020-04-02 10:32:43 -----身份证读取结束1
2020-04-02 10:32:43 -----结束读身份证0
2020-04-02 10:32:43 ------------------------开始读身份证0
2020-04-02 10:32:43 ---------ShenFenZhengHardware-------------
2020-04-02 10:32:43 -----开始读身份证1
2020-04-02 10:32:44 读到数据:程达|
2020-04-02 10:32:44 -----身份证读取结束1
2020-04-02 10:32:44 -----结束读身份证0
2020-04-02 10:32:44 ------------------------开始读身份证0
2020-04-02 10:32:44 ---------ShenFenZhengHardware-------------
2020-04-02 10:32:44 -----开始读身份证1
2020-04-02 10:32:45 读到数据:程达|
2020-04-02 10:32:45 -----身份证读取结束1
2020-04-02 10:32:45 -----结束读身份证0
2020-04-02 10:32:45 ------------------------开始读身份证0
2020-04-02 10:32:45 ---------ShenFenZhengHardware-------------
2020-04-02 10:32:45 -----开始读身份证1
2020-04-02 10:32:46 读到数据:程达|
2020-04-02 10:32:46 -----身份证读取结束1
2020-04-02 10:32:46 -----结束读身份证0
2020-04-02 10:32:46 ------------------------开始读身份证0
2020-04-02 10:32:46 ---------ShenFenZhengHardware-------------
2020-04-02 10:32:46 -----开始读身份证1
2020-04-02 10:32:47 读到数据:程达|
2020-04-02 10:32:47 -----身份证读取结束1
2020-04-02 10:32:47 -----结束读身份证0
2020-04-02 10:32:47 ------------------------开始读身份证0
2020-04-02 10:32:47 ---------ShenFenZhengHardware-------------
2020-04-02 10:32:47 -----开始读身份证1
2020-04-02 10:32:47 读到数据:程达|
2020-04-02 10:32:47 -----身份证读取结束1
2020-04-02 10:32:47 -----结束读身份证0
2020-04-02 10:32:48 ------------------------开始读身份证0
2020-04-02 10:32:48 ---------ShenFenZhengHardware-------------
2020-04-02 10:32:48 -----开始读身份证1
2020-04-02 10:32:48 读到数据:程达|
2020-04-02 10:32:48 -----身份证读取结束1
2020-04-02 10:32:48 -----结束读身份证0
2020-04-02 10:32:50 ------------------------开始读身份证0
2020-04-02 10:32:50 ---------ShenFenZhengHardware-------------
2020-04-02 10:32:50 -----开始读身份证1
2020-04-02 10:32:51 读到数据:程达|
2020-04-02 10:32:51 -----身份证读取结束1
2020-04-02 10:32:51 -----结束读身份证0
2020-04-02 10:32:51 ------------------------开始读身份证0
2020-04-02 10:32:51 ---------ShenFenZhengHardware-------------
2020-04-02 10:32:51 -----开始读身份证1
2020-04-02 10:32:52 读到数据:程达|
2020-04-02 10:32:52 -----身份证读取结束1
2020-04-02 10:32:52 -----结束读身份证0
2020-04-02 10:32:53 ------------------------开始读身份证0
2020-04-02 10:32:53 ---------ShenFenZhengHardware-------------
2020-04-02 10:32:53 -----开始读身份证1
2020-04-02 10:32:53 读到数据:程达|
2020-04-02 10:32:53 -----身份证读取结束1
2020-04-02 10:32:53 -----结束读身份证0
2020-04-02 10:32:54 ------------------------开始读身份证0
2020-04-02 10:32:54 ---------ShenFenZhengHardware-------------
2020-04-02 10:32:54 -----开始读身份证1
2020-04-02 10:32:55 读到数据:程达|
2020-04-02 10:32:55 -----身份证读取结束1
2020-04-02 10:32:55 -----结束读身份证0
2020-04-02 10:32:55 ------------------------开始读身份证0
2020-04-02 10:32:55 ---------ShenFenZhengHardware-------------
2020-04-02 10:32:55 -----开始读身份证1
2020-04-02 10:32:56 读到数据:程达|
2020-04-02 10:32:56 -----身份证读取结束1
2020-04-02 10:32:56 -----结束读身份证0
2020-04-02 10:32:56 ------------------------开始读身份证0
2020-04-02 10:32:56 ---------ShenFenZhengHardware-------------
2020-04-02 10:32:56 -----开始读身份证1
2020-04-02 10:32:57 读到数据:程达|
2020-04-02 10:32:57 -----身份证读取结束1
2020-04-02 10:32:57 -----结束读身份证0
2020-04-02 10:32:57 ------------------------开始读身份证0
2020-04-02 10:32:57 ---------ShenFenZhengHardware-------------
2020-04-02 10:32:57 -----开始读身份证1
2020-04-02 10:32:57 读到数据:程达|
2020-04-02 10:32:57 -----身份证读取结束1
2020-04-02 10:32:57 -----结束读身份证0
2020-04-02 10:32:57 ------------------------开始读身份证0
2020-04-02 10:32:57 ---------ShenFenZhengHardware-------------
2020-04-02 10:32:57 -----开始读身份证1
2020-04-02 10:32:58 读到数据:程达|
2020-04-02 10:32:58 -----身份证读取结束1
2020-04-02 10:32:58 -----结束读身份证0
2020-04-02 10:32:58 ------------------------开始读身份证0
2020-04-02 10:32:58 ---------ShenFenZhengHardware-------------
2020-04-02 10:32:58 -----开始读身份证1
2020-04-02 10:32:59 读到数据:程达|
2020-04-02 10:32:59 -----身份证读取结束1
2020-04-02 10:32:59 -----结束读身份证0
2020-04-02 10:33:01 ------------------------开始读身份证0
2020-04-02 10:33:01 ---------ShenFenZhengHardware-------------
2020-04-02 10:33:01 -----开始读身份证1
2020-04-02 10:33:01 读到数据:程达|
2020-04-02 10:33:01 -----身份证读取结束1
2020-04-02 10:33:01 -----结束读身份证0
2020-04-02 10:33:02 ------------------------开始读身份证0
2020-04-02 10:33:02 ---------ShenFenZhengHardware-------------
2020-04-02 10:33:02 -----开始读身份证1
2020-04-02 10:33:02 读到数据:程达|
2020-04-02 10:33:02 -----身份证读取结束1
2020-04-02 10:33:02 -----结束读身份证0
2020-04-02 10:33:02 ------------------------开始读身份证0
2020-04-02 10:33:02 ---------ShenFenZhengHardware-------------
2020-04-02 10:33:02 -----开始读身份证1
2020-04-02 10:33:03 读到数据:程达|
2020-04-02 10:33:03 -----身份证读取结束1
2020-04-02 10:33:03 -----结束读身份证0
2020-04-02 10:33:03 ------------------------开始读身份证0
2020-04-02 10:33:03 ---------ShenFenZhengHardware-------------
2020-04-02 10:33:03 -----开始读身份证1
2020-04-02 10:33:03 读到数据:程达|
2020-04-02 10:33:03 -----身份证读取结束1
2020-04-02 10:33:03 -----结束读身份证0
2020-04-02 10:33:03 ------------------------开始读身份证0
2020-04-02 10:33:03 ---------ShenFenZhengHardware-------------
2020-04-02 10:33:03 -----开始读身份证1
2020-04-02 10:33:04 读到数据:程达|
2020-04-02 10:33:04 -----身份证读取结束1
2020-04-02 10:33:04 -----结束读身份证0
2020-04-02 10:33:04 ------------------------开始读身份证0
2020-04-02 10:33:04 ---------ShenFenZhengHardware-------------
2020-04-02 10:33:04 -----开始读身份证1
2020-04-02 10:33:05 读到数据:程达|
2020-04-02 10:33:05 -----身份证读取结束1
2020-04-02 10:33:05 -----结束读身份证0
2020-04-02 10:33:05 ------------------------开始读身份证0
2020-04-02 10:33:05 ---------ShenFenZhengHardware-------------
2020-04-02 10:33:05 -----开始读身份证1
2020-04-02 10:33:05 读到数据:程达|
2020-04-02 10:33:05 -----身份证读取结束1
2020-04-02 10:33:05 -----结束读身份证0
2020-04-02 10:33:05 ------------------------开始读身份证0
2020-04-02 10:33:05 ---------ShenFenZhengHardware-------------
2020-04-02 10:33:05 -----开始读身份证1
2020-04-02 10:33:06 读到数据:程达|
2020-04-02 10:33:06 -----身份证读取结束1
2020-04-02 10:33:06 -----结束读身份证0
2020-04-02 10:33:07 ------------------------开始读身份证0
2020-04-02 10:33:07 ---------ShenFenZhengHardware-------------
2020-04-02 10:33:07 -----开始读身份证1
2020-04-02 10:33:08 读到数据:程达|
2020-04-02 10:33:08 -----身份证读取结束1
2020-04-02 10:33:08 -----结束读身份证0
2020-04-02 10:33:08 ------------------------开始读身份证0
2020-04-02 10:33:08 ---------ShenFenZhengHardware-------------
2020-04-02 10:33:08 -----开始读身份证1
2020-04-02 10:33:08 读到数据:程达|
2020-04-02 10:33:08 -----身份证读取结束1
2020-04-02 10:33:08 -----结束读身份证0
2020-04-02 10:33:08 ------------------------开始读身份证0
2020-04-02 10:33:08 ---------ShenFenZhengHardware-------------
2020-04-02 10:33:08 -----开始读身份证1
2020-04-02 10:33:09 读到数据:程达|
2020-04-02 10:33:09 -----身份证读取结束1
2020-04-02 10:33:09 -----结束读身份证0
2020-04-02 10:33:09 ------------------------开始读身份证0
2020-04-02 10:33:09 ---------ShenFenZhengHardware-------------
2020-04-02 10:33:09 -----开始读身份证1
2020-04-02 10:33:10 读到数据:程达|
2020-04-02 10:33:10 -----身份证读取结束1
2020-04-02 10:33:10 -----结束读身份证0
2020-04-02 10:33:10 ------------------------开始读身份证0
2020-04-02 10:33:10 ---------ShenFenZhengHardware-------------
2020-04-02 10:33:10 -----开始读身份证1
2020-04-02 10:33:10 读到数据:程达|
2020-04-02 10:33:10 -----身份证读取结束1
2020-04-02 10:33:10 -----结束读身份证0
2020-04-02 10:33:10 ------------------------开始读身份证0
2020-04-02 10:33:10 ---------ShenFenZhengHardware-------------
2020-04-02 10:33:10 -----开始读身份证1
2020-04-02 10:33:11 读到数据:程达|
2020-04-02 10:33:11 -----身份证读取结束1
2020-04-02 10:33:11 -----结束读身份证0
2020-04-02 10:33:11 ------------------------开始读身份证0
2020-04-02 10:33:11 ---------ShenFenZhengHardware-------------
2020-04-02 10:33:11 -----开始读身份证1
2020-04-02 10:33:11 读到数据:程达|
2020-04-02 10:33:11 -----身份证读取结束1
2020-04-02 10:33:11 -----结束读身份证0
2020-04-02 10:33:11 ------------------------开始读身份证0
2020-04-02 10:33:11 ---------ShenFenZhengHardware-------------
2020-04-02 10:33:11 -----开始读身份证1
2020-04-02 10:33:12 读到数据:程达|
2020-04-02 10:33:12 -----身份证读取结束1
2020-04-02 10:33:12 -----结束读身份证0
2020-04-02 10:33:12 ------------------------开始读身份证0
2020-04-02 10:33:12 ---------ShenFenZhengHardware-------------
2020-04-02 10:33:12 -----开始读身份证1
2020-04-02 10:33:13 读到数据:程达|
2020-04-02 10:33:13 -----身份证读取结束1
2020-04-02 10:33:13 -----结束读身份证0
2020-04-02 10:33:13 ------------------------开始读身份证0
2020-04-02 10:33:13 ---------ShenFenZhengHardware-------------
2020-04-02 10:33:13 -----开始读身份证1
2020-04-02 10:33:13 读到数据:程达|
2020-04-02 10:33:13 -----身份证读取结束1
2020-04-02 10:33:13 -----结束读身份证0
2020-04-02 10:33:13 ------------------------开始读身份证0
2020-04-02 10:33:13 ---------ShenFenZhengHardware-------------
2020-04-02 10:33:13 -----开始读身份证1
2020-04-02 10:33:14 读到数据:程达|
2020-04-02 10:33:14 -----身份证读取结束1
2020-04-02 10:33:14 -----结束读身份证0
2020-04-02 10:33:14 ------------------------开始读身份证0
2020-04-02 10:33:14 ---------ShenFenZhengHardware-------------
2020-04-02 10:33:14 -----开始读身份证1
2020-04-02 10:33:15 读到数据:程达|
2020-04-02 10:33:15 -----身份证读取结束1
2020-04-02 10:33:15 -----结束读身份证0
2020-04-02 10:33:15 ------------------------开始读身份证0
2020-04-02 10:33:15 ---------ShenFenZhengHardware-------------
2020-04-02 10:33:15 -----开始读身份证1
2020-04-02 10:33:15 读到数据:程达|
2020-04-02 10:33:15 -----身份证读取结束1
2020-04-02 10:33:15 -----结束读身份证0
2020-04-02 10:33:15 ------------------------开始读身份证0
2020-04-02 10:33:15 ---------ShenFenZhengHardware-------------
2020-04-02 10:33:15 -----开始读身份证1
2020-04-02 10:33:16 读到数据:程达|
2020-04-02 10:33:16 -----身份证读取结束1
2020-04-02 10:33:16 -----结束读身份证0
2020-04-02 10:33:16 ------------------------开始读身份证0
2020-04-02 10:33:16 ---------ShenFenZhengHardware-------------
2020-04-02 10:33:16 -----开始读身份证1
2020-04-02 10:33:16 读到数据:程达|
2020-04-02 10:33:16 -----身份证读取结束1
2020-04-02 10:33:16 -----结束读身份证0
2020-04-02 10:33:16 ------------------------开始读身份证0
2020-04-02 10:33:16 ---------ShenFenZhengHardware-------------
2020-04-02 10:33:16 -----开始读身份证1
2020-04-02 10:33:17 读到数据:程达|
2020-04-02 10:33:17 -----身份证读取结束1
2020-04-02 10:33:17 -----结束读身份证0
2020-04-02 10:33:18 ------------------------开始读身份证0
2020-04-02 10:33:18 ---------ShenFenZhengHardware-------------
2020-04-02 10:33:18 -----开始读身份证1
2020-04-02 10:33:19 读到数据:程达|
2020-04-02 10:33:19 -----身份证读取结束1
2020-04-02 10:33:19 -----结束读身份证0
2020-04-02 10:33:19 ------------------------开始读身份证0
2020-04-02 10:33:19 ---------ShenFenZhengHardware-------------
2020-04-02 10:33:19 -----开始读身份证1
2020-04-02 10:33:20 读到数据:程达|
2020-04-02 10:33:20 -----身份证读取结束1
2020-04-02 10:33:20 -----结束读身份证0
2020-04-02 10:33:20 ------------------------开始读身份证0
2020-04-02 10:33:20 ---------ShenFenZhengHardware-------------
2020-04-02 10:33:20 -----开始读身份证1
2020-04-02 10:33:20 读到数据:程达|
2020-04-02 10:33:20 -----身份证读取结束1
2020-04-02 10:33:20 -----结束读身份证0
2020-04-02 10:33:20 ------------------------开始读身份证0
2020-04-02 10:33:20 ---------ShenFenZhengHardware-------------
2020-04-02 10:33:20 -----开始读身份证1
2020-04-02 10:33:21 读到数据:程达|
2020-04-02 10:33:21 -----身份证读取结束1
2020-04-02 10:33:21 -----结束读身份证0
2020-04-02 10:33:21 ------------------------开始读身份证0
2020-04-02 10:33:21 ---------ShenFenZhengHardware-------------
2020-04-02 10:33:21 -----开始读身份证1
2020-04-02 10:33:22 读到数据:程达|
2020-04-02 10:33:22 -----身份证读取结束1
2020-04-02 10:33:22 -----结束读身份证0
2020-04-02 10:33:22 ------------------------开始读身份证0
2020-04-02 10:33:22 ---------ShenFenZhengHardware-------------
2020-04-02 10:33:22 -----开始读身份证1
2020-04-02 10:33:22 读到数据:程达|
2020-04-02 10:33:22 -----身份证读取结束1
2020-04-02 10:33:22 -----结束读身份证0
2020-04-02 10:33:22 ------------------------开始读身份证0
2020-04-02 10:33:22 ---------ShenFenZhengHardware-------------
2020-04-02 10:33:22 -----开始读身份证1
2020-04-02 10:33:23 读到数据:程达|
2020-04-02 10:33:23 -----身份证读取结束1
2020-04-02 10:33:23 -----结束读身份证0
2020-04-02 10:33:23 ------------------------开始读身份证0
2020-04-02 10:33:23 ---------ShenFenZhengHardware-------------
2020-04-02 10:33:23 -----开始读身份证1
2020-04-02 10:33:24 读到数据:程达|
2020-04-02 10:33:24 -----身份证读取结束1
2020-04-02 10:33:24 -----结束读身份证0
2020-04-02 10:33:24 ------------------------开始读身份证0
2020-04-02 10:33:24 ---------ShenFenZhengHardware-------------
2020-04-02 10:33:24 -----开始读身份证1
2020-04-02 10:33:24 读到数据:程达|
2020-04-02 10:33:24 -----身份证读取结束1
2020-04-02 10:33:24 -----结束读身份证0
2020-04-02 10:33:24 ------------------------开始读身份证0
2020-04-02 10:33:24 ---------ShenFenZhengHardware-------------
2020-04-02 10:33:24 -----开始读身份证1
2020-04-02 10:33:25 读到数据:程达|
2020-04-02 10:33:25 -----身份证读取结束1
2020-04-02 10:33:25 -----结束读身份证0
2020-04-02 10:33:25 ------------------------开始读身份证0
2020-04-02 10:33:25 ---------ShenFenZhengHardware-------------
2020-04-02 10:33:25 -----开始读身份证1
2020-04-02 10:33:25 读到数据:程达|
2020-04-02 10:33:25 -----身份证读取结束1
2020-04-02 10:33:25 -----结束读身份证0
2020-04-02 10:33:25 ------------------------开始读身份证0
2020-04-02 10:33:25 ---------ShenFenZhengHardware-------------
2020-04-02 10:33:25 -----开始读身份证1
2020-04-02 10:33:26 读到数据:程达|
2020-04-02 10:33:26 -----身份证读取结束1
2020-04-02 10:33:26 -----结束读身份证0
2020-04-02 10:33:26 ------------------------开始读身份证0
2020-04-02 10:33:26 ---------ShenFenZhengHardware-------------
2020-04-02 10:33:26 -----开始读身份证1
2020-04-02 10:33:27 读到数据:程达|
2020-04-02 10:33:27 -----身份证读取结束1
2020-04-02 10:33:27 -----结束读身份证0
2020-04-02 10:33:27 ------------------------开始读身份证0
2020-04-02 10:33:27 ---------ShenFenZhengHardware-------------
2020-04-02 10:33:27 -----开始读身份证1
2020-04-02 10:33:27 读到数据:程达|
2020-04-02 10:33:27 -----身份证读取结束1
2020-04-02 10:33:27 -----结束读身份证0
2020-04-02 10:33:27 ------------------------开始读身份证0
2020-04-02 10:33:27 ---------ShenFenZhengHardware-------------
2020-04-02 10:33:27 -----开始读身份证1
2020-04-02 10:33:28 读到数据:程达|
2020-04-02 10:33:28 -----身份证读取结束1
2020-04-02 10:33:28 -----结束读身份证0
2020-04-02 10:33:28 ------------------------开始读身份证0
2020-04-02 10:33:28 ---------ShenFenZhengHardware-------------
2020-04-02 10:33:28 -----开始读身份证1
2020-04-02 10:33:29 读到数据:程达|
2020-04-02 10:33:29 -----身份证读取结束1
2020-04-02 10:33:29 -----结束读身份证0
2020-04-02 10:33:29 ------------------------开始读身份证0
2020-04-02 10:33:29 ---------ShenFenZhengHardware-------------
2020-04-02 10:33:29 -----开始读身份证1
2020-04-02 10:33:29 读到数据:程达|
2020-04-02 10:33:29 -----身份证读取结束1
2020-04-02 10:33:29 -----结束读身份证0
2020-04-02 10:33:29 ------------------------开始读身份证0
2020-04-02 10:33:29 ---------ShenFenZhengHardware-------------
2020-04-02 10:33:29 -----开始读身份证1
2020-04-02 10:33:30 读到数据:程达|
2020-04-02 10:33:30 -----身份证读取结束1
2020-04-02 10:33:30 -----结束读身份证0
2020-04-02 10:33:30 ------------------------开始读身份证0
2020-04-02 10:33:30 ---------ShenFenZhengHardware-------------
2020-04-02 10:33:30 -----开始读身份证1
2020-04-02 10:33:30 读到数据:程达|
2020-04-02 10:33:30 -----身份证读取结束1
2020-04-02 10:33:30 -----结束读身份证0
2020-04-02 10:33:30 ------------------------开始读身份证0
2020-04-02 10:33:30 ---------ShenFenZhengHardware-------------
2020-04-02 10:33:30 -----开始读身份证1
2020-04-02 10:33:31 读到数据:程达|
2020-04-02 10:33:31 -----身份证读取结束1
2020-04-02 10:33:31 -----结束读身份证0
2020-04-02 10:33:31 ------------------------开始读身份证0
2020-04-02 10:33:31 ---------ShenFenZhengHardware-------------
2020-04-02 10:33:31 -----开始读身份证1
2020-04-02 10:33:32 读到数据:程达|
2020-04-02 10:33:32 -----身份证读取结束1
2020-04-02 10:33:32 -----结束读身份证0
2020-04-02 10:33:32 ------------------------开始读身份证0
2020-04-02 10:33:32 ---------ShenFenZhengHardware-------------
2020-04-02 10:33:32 -----开始读身份证1
2020-04-02 10:33:32 读到数据:程达|
2020-04-02 10:33:32 -----身份证读取结束1
2020-04-02 10:33:32 -----结束读身份证0
2020-04-02 10:33:32 ------------------------开始读身份证0
2020-04-02 10:33:32 ---------ShenFenZhengHardware-------------
2020-04-02 10:33:32 -----开始读身份证1
2020-04-02 10:33:33 读到数据:程达|
2020-04-02 10:33:33 -----身份证读取结束1
2020-04-02 10:33:33 -----结束读身份证0
2020-04-02 10:33:33 ------------------------开始读身份证0
2020-04-02 10:33:33 ---------ShenFenZhengHardware-------------
2020-04-02 10:33:33 -----开始读身份证1
2020-04-02 10:33:34 读到数据:程达|
2020-04-02 10:33:34 -----身份证读取结束1
2020-04-02 10:33:34 -----结束读身份证0
2020-04-02 10:33:34 ------------------------开始读身份证0
2020-04-02 10:33:34 ---------ShenFenZhengHardware-------------
2020-04-02 10:33:34 -----开始读身份证1
2020-04-02 10:33:34 读到数据:程达|
2020-04-02 10:33:34 -----身份证读取结束1
2020-04-02 10:33:34 -----结束读身份证0
2020-04-02 10:33:34 ------------------------开始读身份证0
2020-04-02 10:33:34 ---------ShenFenZhengHardware-------------
2020-04-02 10:33:34 -----开始读身份证1
2020-04-02 10:33:35 读到数据:程达|
2020-04-02 10:33:35 -----身份证读取结束1
2020-04-02 10:33:35 -----结束读身份证0
2020-04-02 10:33:35 ------------------------开始读身份证0
2020-04-02 10:33:35 ---------ShenFenZhengHardware-------------
2020-04-02 10:33:35 -----开始读身份证1
2020-04-02 10:33:36 读到数据:程达|
2020-04-02 10:33:36 -----身份证读取结束1
2020-04-02 10:33:36 -----结束读身份证0
2020-04-02 10:33:36 ------------------------开始读身份证0
2020-04-02 10:33:36 ---------ShenFenZhengHardware-------------
2020-04-02 10:33:36 -----开始读身份证1
2020-04-02 10:33:36 读到数据:程达|
2020-04-02 10:33:36 -----身份证读取结束1
2020-04-02 10:33:36 -----结束读身份证0
2020-04-02 10:33:36 ------------------------开始读身份证0
2020-04-02 10:33:36 ---------ShenFenZhengHardware-------------
2020-04-02 10:33:36 -----开始读身份证1
2020-04-02 10:33:37 读到数据:程达|
2020-04-02 10:33:37 -----身份证读取结束1
2020-04-02 10:33:37 -----结束读身份证0
2020-04-02 10:33:37 ------------------------开始读身份证0
2020-04-02 10:33:37 ---------ShenFenZhengHardware-------------
2020-04-02 10:33:37 -----开始读身份证1
2020-04-02 10:33:37 读到数据:程达|
2020-04-02 10:33:37 -----身份证读取结束1
2020-04-02 10:33:37 -----结束读身份证0
2020-04-02 10:33:37 ------------------------开始读身份证0
2020-04-02 10:33:37 ---------ShenFenZhengHardware-------------
2020-04-02 10:33:37 -----开始读身份证1
2020-04-02 10:33:38 读到数据:程达|
2020-04-02 10:33:38 -----身份证读取结束1
2020-04-02 10:33:38 -----结束读身份证0
2020-04-02 10:33:40 ------------------------开始读身份证0
2020-04-02 10:33:40 ---------ShenFenZhengHardware-------------
2020-04-02 10:33:40 -----开始读身份证1
2020-04-02 10:33:41 读到数据:程达|
2020-04-02 10:33:41 -----身份证读取结束1
2020-04-02 10:33:41 -----结束读身份证0
2020-04-02 10:33:41 ------------------------开始读身份证0
2020-04-02 10:33:41 ---------ShenFenZhengHardware-------------
2020-04-02 10:33:41 -----开始读身份证1
2020-04-02 10:33:42 读到数据:程达|
2020-04-02 10:33:42 -----身份证读取结束1
2020-04-02 10:33:42 -----结束读身份证0
2020-04-02 10:33:42 ------------------------开始读身份证0
2020-04-02 10:33:42 ---------ShenFenZhengHardware-------------
2020-04-02 10:33:42 -----开始读身份证1
2020-04-02 10:33:43 读到数据:程达|
2020-04-02 10:33:43 -----身份证读取结束1
2020-04-02 10:33:43 -----结束读身份证0
2020-04-02 10:33:43 ------------------------开始读身份证0
2020-04-02 10:33:43 ---------ShenFenZhengHardware-------------
2020-04-02 10:33:43 -----开始读身份证1
2020-04-02 10:33:43 读到数据:程达|
2020-04-02 10:33:43 -----身份证读取结束1
2020-04-02 10:33:43 -----结束读身份证0
2020-04-02 10:33:43 ------------------------开始读身份证0
2020-04-02 10:33:43 ---------ShenFenZhengHardware-------------
2020-04-02 10:33:43 -----开始读身份证1
2020-04-02 10:33:44 读到数据:程达|
2020-04-02 10:33:44 -----身份证读取结束1
2020-04-02 10:33:44 -----结束读身份证0
2020-04-02 10:33:44 ------------------------开始读身份证0
2020-04-02 10:33:44 ---------ShenFenZhengHardware-------------
2020-04-02 10:33:44 -----开始读身份证1
2020-04-02 10:33:44 读到数据:程达|
2020-04-02 10:33:44 -----身份证读取结束1
2020-04-02 10:33:44 -----结束读身份证0
2020-04-02 10:33:44 ------------------------开始读身份证0
2020-04-02 10:33:45 ---------ShenFenZhengHardware-------------
2020-04-02 10:33:45 -----开始读身份证1
2020-04-02 10:33:45 读到数据:程达|
2020-04-02 10:33:45 -----身份证读取结束1
2020-04-02 10:33:45 -----结束读身份证0
2020-04-02 10:33:45 ------------------------开始读身份证0
2020-04-02 10:33:45 ---------ShenFenZhengHardware-------------
2020-04-02 10:33:45 -----开始读身份证1
2020-04-02 10:33:46 读到数据:程达|
2020-04-02 10:33:46 -----身份证读取结束1
2020-04-02 10:33:46 -----结束读身份证0
2020-04-02 10:33:46 ------------------------开始读身份证0
2020-04-02 10:33:46 ---------ShenFenZhengHardware-------------
2020-04-02 10:33:46 -----开始读身份证1
2020-04-02 10:33:46 读到数据:程达|
2020-04-02 10:33:46 -----身份证读取结束1
2020-04-02 10:33:46 -----结束读身份证0
2020-04-02 10:33:46 ------------------------开始读身份证0
2020-04-02 10:33:46 ---------ShenFenZhengHardware-------------
2020-04-02 10:33:46 -----开始读身份证1
2020-04-02 10:33:47 读到数据:程达|
2020-04-02 10:33:47 -----身份证读取结束1
2020-04-02 10:33:47 -----结束读身份证0
2020-04-02 10:33:47 ------------------------开始读身份证0
2020-04-02 10:33:47 ---------ShenFenZhengHardware-------------
2020-04-02 10:33:47 -----开始读身份证1
2020-04-02 10:33:48 读到数据:程达|
2020-04-02 10:33:48 -----身份证读取结束1
2020-04-02 10:33:48 -----结束读身份证0
2020-04-02 10:33:48 ------------------------开始读身份证0
2020-04-02 10:33:48 ---------ShenFenZhengHardware-------------
2020-04-02 10:33:48 -----开始读身份证1
2020-04-02 10:33:48 读到数据:程达|
2020-04-02 10:33:48 -----身份证读取结束1
2020-04-02 10:33:48 -----结束读身份证0
2020-04-02 10:33:48 ------------------------开始读身份证0
2020-04-02 10:33:48 ---------ShenFenZhengHardware-------------
2020-04-02 10:33:48 -----开始读身份证1
2020-04-02 10:33:49 读到数据:程达|
2020-04-02 10:33:49 -----身份证读取结束1
2020-04-02 10:33:49 -----结束读身份证0
2020-04-02 10:33:49 ------------------------开始读身份证0
2020-04-02 10:33:49 ---------ShenFenZhengHardware-------------
2020-04-02 10:33:49 -----开始读身份证1
2020-04-02 10:33:49 读到数据:程达|
2020-04-02 10:33:49 -----身份证读取结束1
2020-04-02 10:33:49 -----结束读身份证0
2020-04-02 10:33:49 ------------------------开始读身份证0
2020-04-02 10:33:49 ---------ShenFenZhengHardware-------------
2020-04-02 10:33:49 -----开始读身份证1
2020-04-02 10:33:50 读到数据:程达|
2020-04-02 10:33:50 -----身份证读取结束1
2020-04-02 10:33:50 -----结束读身份证0
2020-04-02 10:33:50 ------------------------开始读身份证0
2020-04-02 10:33:50 ---------ShenFenZhengHardware-------------
2020-04-02 10:33:50 -----开始读身份证1
2020-04-02 10:33:51 读到数据:程达|
2020-04-02 10:33:51 -----身份证读取结束1
2020-04-02 10:33:51 -----结束读身份证0
2020-04-02 10:33:51 ------------------------开始读身份证0
2020-04-02 10:33:51 ---------ShenFenZhengHardware-------------
2020-04-02 10:33:51 -----开始读身份证1
2020-04-02 10:33:51 读到数据:程达|
2020-04-02 10:33:51 -----身份证读取结束1
2020-04-02 10:33:51 -----结束读身份证0
2020-04-02 10:33:51 ------------------------开始读身份证0
2020-04-02 10:33:51 ---------ShenFenZhengHardware-------------
2020-04-02 10:33:51 -----开始读身份证1
2020-04-02 10:33:52 读到数据:程达|
2020-04-02 10:33:52 -----身份证读取结束1
2020-04-02 10:33:52 -----结束读身份证0
2020-04-02 10:33:52 ------------------------开始读身份证0
2020-04-02 10:33:52 ---------ShenFenZhengHardware-------------
2020-04-02 10:33:52 -----开始读身份证1
2020-04-02 10:33:53 读到数据:程达|
2020-04-02 10:33:53 -----身份证读取结束1
2020-04-02 10:33:53 -----结束读身份证0
2020-04-02 10:33:53 ------------------------开始读身份证0
2020-04-02 10:33:53 ---------ShenFenZhengHardware-------------
2020-04-02 10:33:53 -----开始读身份证1
2020-04-02 10:33:53 读到数据:程达|
2020-04-02 10:33:53 -----身份证读取结束1
2020-04-02 10:33:53 -----结束读身份证0
2020-04-02 10:33:53 ------------------------开始读身份证0
2020-04-02 10:33:53 ---------ShenFenZhengHardware-------------
2020-04-02 10:33:53 -----开始读身份证1
2020-04-02 10:33:54 读到数据:程达|
2020-04-02 10:33:54 -----身份证读取结束1
2020-04-02 10:33:54 -----结束读身份证0
2020-04-02 10:33:54 ------------------------开始读身份证0
2020-04-02 10:33:54 ---------ShenFenZhengHardware-------------
2020-04-02 10:33:54 -----开始读身份证1
2020-04-02 10:33:55 读到数据:程达|
2020-04-02 10:33:55 -----身份证读取结束1
2020-04-02 10:33:55 -----结束读身份证0
2020-04-02 10:33:55 ------------------------开始读身份证0
2020-04-02 10:33:55 ---------ShenFenZhengHardware-------------
2020-04-02 10:33:55 -----开始读身份证1
2020-04-02 10:33:55 读到数据:程达|
2020-04-02 10:33:55 -----身份证读取结束1
2020-04-02 10:33:55 -----结束读身份证0
2020-04-02 10:33:55 ------------------------开始读身份证0
2020-04-02 10:33:55 ---------ShenFenZhengHardware-------------
2020-04-02 10:33:55 -----开始读身份证1
2020-04-02 10:33:56 读到数据:程达|
2020-04-02 10:33:56 -----身份证读取结束1
2020-04-02 10:33:56 -----结束读身份证0
2020-04-02 10:33:56 ------------------------开始读身份证0
2020-04-02 10:33:56 ---------ShenFenZhengHardware-------------
2020-04-02 10:33:56 -----开始读身份证1
2020-04-02 10:33:56 读到数据:程达|
2020-04-02 10:33:56 -----身份证读取结束1
2020-04-02 10:33:57 -----结束读身份证0
2020-04-02 10:33:57 ------------------------开始读身份证0
2020-04-02 10:33:57 ---------ShenFenZhengHardware-------------
2020-04-02 10:33:57 -----开始读身份证1
2020-04-02 10:33:57 读到数据:程达|
2020-04-02 10:33:57 -----身份证读取结束1
2020-04-02 10:33:57 -----结束读身份证0
2020-04-02 10:33:57 ------------------------开始读身份证0
2020-04-02 10:33:57 ---------ShenFenZhengHardware-------------
2020-04-02 10:33:57 -----开始读身份证1
2020-04-02 10:33:58 读到数据:程达|
2020-04-02 10:33:58 -----身份证读取结束1
2020-04-02 10:33:58 -----结束读身份证0
2020-04-02 10:33:58 ------------------------开始读身份证0
2020-04-02 10:33:58 ---------ShenFenZhengHardware-------------
2020-04-02 10:33:58 -----开始读身份证1
2020-04-02 10:33:58 读到数据:程达|
2020-04-02 10:33:58 -----身份证读取结束1
2020-04-02 10:33:58 -----结束读身份证0
2020-04-02 10:33:58 ------------------------开始读身份证0
2020-04-02 10:33:58 ---------ShenFenZhengHardware-------------
2020-04-02 10:33:58 -----开始读身份证1
2020-04-02 10:33:59 读到数据:程达|
2020-04-02 10:33:59 -----身份证读取结束1
2020-04-02 10:33:59 -----结束读身份证0
2020-04-02 10:33:59 ------------------------开始读身份证0
2020-04-02 10:33:59 ---------ShenFenZhengHardware-------------
2020-04-02 10:33:59 -----开始读身份证1
2020-04-02 10:34:00 读到数据:程达|
2020-04-02 10:34:00 -----身份证读取结束1
2020-04-02 10:34:00 -----结束读身份证0
2020-04-02 10:34:00 ------------------------开始读身份证0
2020-04-02 10:34:00 ---------ShenFenZhengHardware-------------
2020-04-02 10:34:00 -----开始读身份证1
2020-04-02 10:34:00 读到数据:程达|
2020-04-02 10:34:00 -----身份证读取结束1
2020-04-02 10:34:00 -----结束读身份证0
2020-04-02 10:34:00 ------------------------开始读身份证0
2020-04-02 10:34:00 ---------ShenFenZhengHardware-------------
2020-04-02 10:34:00 -----开始读身份证1
2020-04-02 10:34:01 读到数据:程达|
2020-04-02 10:34:01 -----身份证读取结束1
2020-04-02 10:34:01 -----结束读身份证0
2020-04-02 10:34:01 ------------------------开始读身份证0
2020-04-02 10:34:01 ---------ShenFenZhengHardware-------------
2020-04-02 10:34:01 -----开始读身份证1
2020-04-02 10:34:02 读到数据:程达|
2020-04-02 10:34:02 -----身份证读取结束1
2020-04-02 10:34:02 -----结束读身份证0
2020-04-02 10:34:02 ------------------------开始读身份证0
2020-04-02 10:34:02 ---------ShenFenZhengHardware-------------
2020-04-02 10:34:02 -----开始读身份证1
2020-04-02 10:34:02 读到数据:程达|
2020-04-02 10:34:02 -----身份证读取结束1
2020-04-02 10:34:02 -----结束读身份证0
2020-04-02 10:34:02 ------------------------开始读身份证0
2020-04-02 10:34:02 ---------ShenFenZhengHardware-------------
2020-04-02 10:34:02 -----开始读身份证1
2020-04-02 10:34:03 读到数据:程达|
2020-04-02 10:34:03 -----身份证读取结束1
2020-04-02 10:34:03 -----结束读身份证0
2020-04-02 10:43:34 ---------Init-------------
2020-04-02 10:43:34 Init begin
2020-04-02 10:43:34 Init end
