[2017-01-19 19:13:45.298]ATR=7800860200858650AA6F12A4
[2017-01-19 19:13:45.301]ReaderHandle=58209280
[2017-01-19 19:13:45.301]Command_APDU=00A40000023F00
[2017-01-19 19:13:45.302]Length_of_Command_APDU=7
[2017-01-19 19:13:45.515]Response_APDU=6F13840F6A6D6A6B6B7979686A000000000000A5009000
[2017-01-19 19:13:45.515]RespLen=23
[2017-01-19 19:13:45.516]iReturn=0
[2017-01-19 19:13:45.517]ReaderHandle=58209280
[2017-01-19 19:13:45.517]Command_APDU=00A4000002DDF1
[2017-01-19 19:13:45.518]Length_of_Command_APDU=7
[2017-01-19 19:13:45.732]Response_APDU=6F10840C57532E5359532E4444463031A5009000
[2017-01-19 19:13:45.733]RespLen=20
[2017-01-19 19:13:45.733]iReturn=0
[2017-01-19 19:13:45.734]ReaderHandle=58209280
[2017-01-19 19:13:45.735]Command_APDU=00A4000002EF05
[2017-01-19 19:13:45.736]Length_of_Command_APDU=7
[2017-01-19 19:13:45.949]Response_APDU=9000
[2017-01-19 19:13:45.950]RespLen=2
[2017-01-19 19:13:45.950]iReturn=0
[2017-01-19 19:13:45.951]ReaderHandle=58209280
[2017-01-19 19:13:45.952]Command_APDU=00B20A0400
[2017-01-19 19:13:45.952]Length_of_Command_APDU=5
[2017-01-19 19:13:46.152]Response_APDU=39032100009000
[2017-01-19 19:13:46.153]RespLen=7
[2017-01-19 19:13:46.153]iReturn=0
[2017-01-19 19:13:46.427]ATR=3B7D960000008822029031635633C00C081F
[2017-01-19 19:13:46.698]ATR=3B7D960000008822029031635633C00C081F
[2017-01-19 19:13:46.699]ReaderHandle=58209280
[2017-01-19 19:13:46.699]Command_APDU=00A4000002DF01
[2017-01-19 19:13:46.700]Length_of_Command_APDU=7
[2017-01-19 19:13:46.869]Response_APDU=6F1484106A6D6A6B6B7979686A01000000000000A5009000
[2017-01-19 19:13:46.870]RespLen=24
[2017-01-19 19:13:46.871]iReturn=0
[2017-01-19 19:13:46.873]ReaderHandle=58209280
[2017-01-19 19:13:46.873]Command_APDU=0020000003123456
[2017-01-19 19:13:46.873]Length_of_Command_APDU=8
[2017-01-19 19:13:47.188]Response_APDU=9000
[2017-01-19 19:13:47.188]RespLen=2
[2017-01-19 19:13:47.189]iReturn=0
[2017-01-19 19:13:47.191]ReaderHandle=58209280
[2017-01-19 19:13:47.193]Command_APDU=00A40000023F00
[2017-01-19 19:13:47.194]Length_of_Command_APDU=7
[2017-01-19 19:13:47.407]Response_APDU=6F13840F6A6D6A6B6B7979686A000000000000A5009000
[2017-01-19 19:13:47.407]RespLen=23
[2017-01-19 19:13:47.408]iReturn=0
[2017-01-19 19:13:47.410]ReaderHandle=58209280
[2017-01-19 19:13:47.410]Command_APDU=00A4000002DDF1
[2017-01-19 19:13:47.410]Length_of_Command_APDU=7
[2017-01-19 19:13:47.624]Response_APDU=6F10840C57532E5359532E4444463031A5009000
[2017-01-19 19:13:47.624]RespLen=20
[2017-01-19 19:13:47.625]iReturn=0
[2017-01-19 19:13:47.626]ReaderHandle=58209280
[2017-01-19 19:13:47.627]Command_APDU=00A4000002EF05
[2017-01-19 19:13:47.627]Length_of_Command_APDU=7
[2017-01-19 19:13:47.840]Response_APDU=9000
[2017-01-19 19:13:47.841]RespLen=2
[2017-01-19 19:13:47.841]iReturn=0
[2017-01-19 19:13:47.843]ReaderHandle=58209280
[2017-01-19 19:13:47.843]Command_APDU=00B2010400
[2017-01-19 19:13:47.843]Length_of_Command_APDU=5
[2017-01-19 19:13:48.043]Response_APDU=0101319000
[2017-01-19 19:13:48.043]RespLen=5
[2017-01-19 19:13:48.044]iReturn=0
[2017-01-19 19:13:48.045]ReaderHandle=58209280
[2017-01-19 19:13:48.046]Command_APDU=00B2020400
[2017-01-19 19:13:48.046]Length_of_Command_APDU=5
[2017-01-19 19:13:48.246]Response_APDU=020456312E319000
[2017-01-19 19:13:48.246]RespLen=8
[2017-01-19 19:13:48.247]iReturn=0
[2017-01-19 19:13:48.248]ReaderHandle=58209280
[2017-01-19 19:13:48.249]Command_APDU=00B2030400
[2017-01-19 19:13:48.249]Length_of_Command_APDU=5
[2017-01-19 19:13:48.460]Response_APDU=031ED6D0B9FAD2BDBFC6B4F3D1A7B5DAD2BBB8BDCAF4D2BDD4BA0000000000009000
[2017-01-19 19:13:48.460]RespLen=34
[2017-01-19 19:13:48.461]iReturn=0
[2017-01-19 19:13:48.462]ReaderHandle=58209280
[2017-01-19 19:13:48.463]Command_APDU=00B2040400
[2017-01-19 19:13:48.464]Length_of_Command_APDU=5
[2017-01-19 19:13:48.664]Response_APDU=040B00001FFFFFFFFFFFFFFFFF9000
[2017-01-19 19:13:48.664]RespLen=15
[2017-01-19 19:13:48.665]iReturn=0
[2017-01-19 19:13:48.666]ReaderHandle=58209280
[2017-01-19 19:13:48.667]Command_APDU=00B2050400
[2017-01-19 19:13:48.667]Length_of_Command_APDU=5
[2017-01-19 19:13:49.067]Response_APDU=05B4230000000102001099981216210001020300409539F7331668E435899C0874F17329CA7ED9680768CDDCA72ABF17C2F9838460ECB30FB6940F534E8949EBB0E14DFBF89DCC8431996EF3D71ECDDE5FBFCBF1D001A57A9023885769481463FC25A35E3E289DBACAAD93A889E916DC5CCA4D256016CF880F19C2C4E3801075C31FCE43218CDC5251B8DEC5353D341E8F7587678DC5F76B89D0E88A78C4A01154AA51763066E3C048480B8B616E48B9577CD760EE959000
[2017-01-19 19:13:49.067]RespLen=184
[2017-01-19 19:13:49.069]iReturn=0
[2017-01-19 19:13:49.073]ReaderHandle=58209280
[2017-01-19 19:13:49.074]Command_APDU=00B2060400
[2017-01-19 19:13:49.074]Length_of_Command_APDU=5
[2017-01-19 19:13:49.274]Response_APDU=0604201612149000
[2017-01-19 19:13:49.274]RespLen=8
[2017-01-19 19:13:49.274]iReturn=0
[2017-01-19 19:13:49.275]ReaderHandle=58209280
[2017-01-19 19:13:49.276]Command_APDU=00B2070400
[2017-01-19 19:13:49.276]Length_of_Command_APDU=5
[2017-01-19 19:13:49.476]Response_APDU=08123431323832333139373931313236323833369000
[2017-01-19 19:13:49.476]RespLen=22
[2017-01-19 19:13:49.476]iReturn=0
[2017-01-19 19:13:49.478]ReaderHandle=58209280
[2017-01-19 19:13:49.478]Command_APDU=00B2080400
[2017-01-19 19:13:49.478]Length_of_Command_APDU=5
[2017-01-19 19:13:49.678]Response_APDU=09033136369000
[2017-01-19 19:13:49.679]RespLen=7
[2017-01-19 19:13:49.679]iReturn=0
[2017-01-19 19:13:49.681]ReaderHandle=58209280
[2017-01-19 19:13:49.682]Command_APDU=00B2090400
[2017-01-19 19:13:49.683]Length_of_Command_APDU=5
[2017-01-19 19:13:49.884]Response_APDU=0A0A383636353434303630309000
[2017-01-19 19:13:49.884]RespLen=14
[2017-01-19 19:13:49.885]iReturn=0
[2017-01-19 19:13:49.886]ReaderHandle=58209280
[2017-01-19 19:13:49.886]Command_APDU=00B20A0400
[2017-01-19 19:13:49.886]Length_of_Command_APDU=5
[2017-01-19 19:13:50.086]Response_APDU=39032100009000
[2017-01-19 19:13:50.086]RespLen=7
[2017-01-19 19:13:50.087]iReturn=0
[2017-01-19 19:13:50.148]ReaderHandle=58209280
[2017-01-19 19:13:50.149]Command_APDU=00A4000002EF06
[2017-01-19 19:13:50.149]Length_of_Command_APDU=7
[2017-01-19 19:13:50.362]Response_APDU=9000
[2017-01-19 19:13:50.362]RespLen=2
[2017-01-19 19:13:50.363]iReturn=0
[2017-01-19 19:13:50.364]ReaderHandle=58209280
[2017-01-19 19:13:50.364]Command_APDU=0084000008
[2017-01-19 19:13:50.364]Length_of_Command_APDU=5
[2017-01-19 19:13:50.564]Response_APDU=4AA077910CCC6ADD9000
[2017-01-19 19:13:50.564]RespLen=10
[2017-01-19 19:13:50.564]iReturn=0
[2017-01-19 19:13:50.565]ReaderHandle=58209280
[2017-01-19 19:13:50.565]Command_APDU=00A4000002DF01
[2017-01-19 19:13:50.566]Length_of_Command_APDU=7
[2017-01-19 19:13:50.733]Response_APDU=6F1484106A6D6A6B6B7979686A01000000000000A5009000
[2017-01-19 19:13:50.734]RespLen=24
[2017-01-19 19:13:50.734]iReturn=0
[2017-01-19 19:13:50.736]ReaderHandle=58209280
[2017-01-19 19:13:50.737]Command_APDU=80DE47311800858650AA6F12A432313030303030304AA077910CCC6ADD
[2017-01-19 19:13:50.737]Length_of_Command_APDU=29
[2017-01-19 19:13:50.916]Response_APDU=9000
[2017-01-19 19:13:50.916]RespLen=2
[2017-01-19 19:13:50.917]iReturn=0
[2017-01-19 19:13:50.919]ReaderHandle=58209280
[2017-01-19 19:13:50.919]Command_APDU=80FA00001011223344556677880000000000000000
[2017-01-19 19:13:50.919]Length_of_Command_APDU=21
[2017-01-19 19:13:51.104]Response_APDU=182F099054D0DFD4D9ECC33811DE68C29000
[2017-01-19 19:13:51.105]RespLen=18
[2017-01-19 19:13:51.105]iReturn=0
[2017-01-19 19:13:51.106]ReaderHandle=58209280
[2017-01-19 19:13:51.106]Command_APDU=0082000411C1C3CAA8450EB716112233445566778801
[2017-01-19 19:13:51.106]Length_of_Command_APDU=22
[2017-01-19 19:13:51.334]Response_APDU=9000
[2017-01-19 19:13:51.334]RespLen=2
[2017-01-19 19:13:51.335]iReturn=0
[2017-01-19 19:13:51.336]ReaderHandle=58209280
[2017-01-19 19:13:51.336]Command_APDU=00B2010400
[2017-01-19 19:13:51.336]Length_of_Command_APDU=5
[2017-01-19 19:13:51.547]Response_APDU=0B1EC2EDBCCDC1EC0000000000000000000000000000000000000000000000009000
[2017-01-19 19:13:51.547]RespLen=34
[2017-01-19 19:13:51.548]iReturn=0
[2017-01-19 19:13:51.549]ReaderHandle=58209280
[2017-01-19 19:13:51.549]Command_APDU=00B2020400
[2017-01-19 19:13:51.550]Length_of_Command_APDU=5
[2017-01-19 19:13:51.750]Response_APDU=0C01019000
[2017-01-19 19:13:51.750]RespLen=5
[2017-01-19 19:13:51.750]iReturn=0
[2017-01-19 19:13:51.751]ReaderHandle=58209280
[2017-01-19 19:13:51.752]Command_APDU=00B2030400
[2017-01-19 19:13:51.752]Length_of_Command_APDU=5
[2017-01-19 19:13:51.952]Response_APDU=0D01019000
[2017-01-19 19:13:51.952]RespLen=5
[2017-01-19 19:13:51.953]iReturn=0
[2017-01-19 19:13:51.955]ReaderHandle=58209280
[2017-01-19 19:13:51.955]Command_APDU=00B2040400
[2017-01-19 19:13:51.955]Length_of_Command_APDU=5
[2017-01-19 19:13:52.155]Response_APDU=0E04197911269000
[2017-01-19 19:13:52.155]RespLen=8
[2017-01-19 19:13:52.156]iReturn=0
[2017-01-19 19:13:52.158]ReaderHandle=58209280
[2017-01-19 19:13:52.158]Command_APDU=00B2050400
[2017-01-19 19:13:52.159]Length_of_Command_APDU=5
[2017-01-19 19:13:52.359]Response_APDU=0F123431323832333139373931313236323833369000
[2017-01-19 19:13:52.360]RespLen=22
[2017-01-19 19:13:52.362]iReturn=0
[2017-01-19 19:13:52.397]ReaderHandle=58209280
[2017-01-19 19:13:52.397]Command_APDU=00A4000002EF08
[2017-01-19 19:13:52.398]Length_of_Command_APDU=7
[2017-01-19 19:13:52.611]Response_APDU=9000
[2017-01-19 19:13:52.612]RespLen=2
[2017-01-19 19:13:52.612]iReturn=0
[2017-01-19 19:13:52.614]ReaderHandle=58209280
[2017-01-19 19:13:52.615]Command_APDU=0084000008
[2017-01-19 19:13:52.615]Length_of_Command_APDU=5
[2017-01-19 19:13:52.815]Response_APDU=5730D44F6C6079319000
[2017-01-19 19:13:52.815]RespLen=10
[2017-01-19 19:13:52.816]iReturn=0
[2017-01-19 19:13:52.818]ReaderHandle=58209280
[2017-01-19 19:13:52.818]Command_APDU=00A4000002DF01
[2017-01-19 19:13:52.818]Length_of_Command_APDU=7
[2017-01-19 19:13:52.986]Response_APDU=6F1484106A6D6A6B6B7979686A01000000000000A5009000
[2017-01-19 19:13:52.987]RespLen=24
[2017-01-19 19:13:52.987]iReturn=0
[2017-01-19 19:13:52.988]ReaderHandle=58209280
[2017-01-19 19:13:52.988]Command_APDU=80DE47311800858650AA6F12A432313030303030305730D44F6C607931
[2017-01-19 19:13:52.988]Length_of_Command_APDU=29
[2017-01-19 19:13:53.166]Response_APDU=9000
[2017-01-19 19:13:53.166]RespLen=2
[2017-01-19 19:13:53.167]iReturn=0
[2017-01-19 19:13:53.168]ReaderHandle=58209280
[2017-01-19 19:13:53.168]Command_APDU=80FA00001011223344556677880000000000000000
[2017-01-19 19:13:53.168]Length_of_Command_APDU=21
[2017-01-19 19:13:53.356]Response_APDU=ED6DF61FB447D2AE14E586B08598A2899000
[2017-01-19 19:13:53.356]RespLen=18
[2017-01-19 19:13:53.358]iReturn=0
[2017-01-19 19:13:53.361]ReaderHandle=58209280
[2017-01-19 19:13:53.361]Command_APDU=0082000411F98870AF31DF7027112233445566778801
[2017-01-19 19:13:53.361]Length_of_Command_APDU=22
[2017-01-19 19:13:53.590]Response_APDU=9000
[2017-01-19 19:13:53.591]RespLen=2
[2017-01-19 19:13:53.591]iReturn=0
[2017-01-19 19:13:53.593]ReaderHandle=58209280
[2017-01-19 19:13:53.593]Command_APDU=00B2010400
[2017-01-19 19:13:53.593]Length_of_Command_APDU=5
[2017-01-19 19:13:53.793]Response_APDU=0704202612149000
[2017-01-19 19:13:53.793]RespLen=8
[2017-01-19 19:13:53.793]iReturn=0
[2017-01-19 19:13:53.794]ReaderHandle=58209280
[2017-01-19 19:13:53.795]Command_APDU=00B2020400
[2017-01-19 19:13:53.795]Length_of_Command_APDU=5
[2017-01-19 19:13:53.996]Response_APDU=101431333333323936303230320000000000000000009000
[2017-01-19 19:13:53.996]RespLen=24
[2017-01-19 19:13:53.996]iReturn=0
[2017-01-19 19:13:53.998]ReaderHandle=58209280
[2017-01-19 19:13:53.998]Command_APDU=00B2030400
[2017-01-19 19:13:53.998]Length_of_Command_APDU=5
[2017-01-19 19:13:54.198]Response_APDU=111400000000000000000000000000000000000000009000
[2017-01-19 19:13:54.199]RespLen=24
[2017-01-19 19:13:54.199]iReturn=0
[2017-01-19 19:13:54.202]ReaderHandle=58209280
[2017-01-19 19:13:54.202]Command_APDU=00B2040400
[2017-01-19 19:13:54.203]Length_of_Command_APDU=5
[2017-01-19 19:13:54.403]Response_APDU=1201019000
[2017-01-19 19:13:54.404]RespLen=5
[2017-01-19 19:13:54.404]iReturn=0
[2017-01-19 19:13:54.406]ReaderHandle=58209280
[2017-01-19 19:13:54.406]Command_APDU=00B2050400
[2017-01-19 19:13:54.407]Length_of_Command_APDU=5
[2017-01-19 19:13:54.607]Response_APDU=1301029000
[2017-01-19 19:13:54.607]RespLen=5
[2017-01-19 19:13:54.608]iReturn=0
[2017-01-19 19:13:54.609]ReaderHandle=58209280
[2017-01-19 19:13:54.610]Command_APDU=00B2060400
[2017-01-19 19:13:54.610]Length_of_Command_APDU=5
[2017-01-19 19:13:54.810]Response_APDU=1401039000
[2017-01-19 19:13:54.810]RespLen=5
[2017-01-19 19:13:54.812]iReturn=0
[2017-04-18 18:36:44.816]iReturn=-101
[2017-04-18 18:36:45.986]iReturn=-101
[2017-04-18 18:36:49.184]iReturn=-109
[2017-04-18 18:36:50.135]ReaderHandle=31532848
[2017-04-18 18:36:50.166]Command_APDU=00A40000023F00
[2017-04-18 18:36:50.166]Length_of_Command_APDU=7
[2017-04-18 18:36:50.322]iReturn=-109
[2017-04-18 18:36:50.322]ReaderHandle=31532848
[2017-04-18 18:36:50.322]Command_APDU=00A404000F7378312E73682EC9E7BBE1B1A3D5CF
[2017-04-18 18:36:50.322]Length_of_Command_APDU=20
[2017-04-18 18:36:50.494]iReturn=-109
[2017-04-18 18:36:50.494]ReaderHandle=31532848
[2017-04-18 18:36:50.494]Command_APDU=00A4000002EF05
[2017-04-18 18:36:50.494]Length_of_Command_APDU=7
[2017-04-18 18:36:50.650]iReturn=-109
[2017-04-18 18:36:51.461]ReaderHandle=31532848
[2017-04-18 18:36:51.461]Command_APDU=00A40000023F00
[2017-04-18 18:36:51.461]Length_of_Command_APDU=7
[2017-04-18 18:36:51.602]iReturn=-109
[2017-04-18 18:36:51.602]ReaderHandle=31532848
[2017-04-18 18:36:51.602]Command_APDU=00A404000F7378312E73682EC9E7BBE1B1A3D5CF
[2017-04-18 18:36:51.602]Length_of_Command_APDU=20
[2017-04-18 18:36:51.773]iReturn=-109
[2017-04-18 18:36:51.773]ReaderHandle=31532848
[2017-04-18 18:36:51.773]Command_APDU=00A4000002EF06
[2017-04-18 18:36:51.773]Length_of_Command_APDU=7
[2017-04-18 18:36:51.929]iReturn=-109
[2017-04-18 18:36:52.350]ReaderHandle=31532848
[2017-04-18 18:36:52.350]Command_APDU=00A40000023F00
[2017-04-18 18:36:52.350]Length_of_Command_APDU=7
[2017-04-18 18:36:52.506]iReturn=-109
[2017-04-18 18:36:52.506]ReaderHandle=31532848
[2017-04-18 18:36:52.506]Command_APDU=00A404000F7378312E73682EC9E7BBE1B1A3D5CF
[2017-04-18 18:36:52.506]Length_of_Command_APDU=20
[2017-04-18 18:36:52.678]iReturn=-109
[2017-04-18 18:36:52.678]ReaderHandle=31532848
[2017-04-18 18:36:52.678]Command_APDU=00A4000002EF05
[2017-04-18 18:36:52.678]Length_of_Command_APDU=7
[2017-04-18 18:36:52.834]iReturn=-109
[2017-04-18 18:36:53.099]iReturn=-109
[2017-04-18 18:36:54.581]iReturn=-101
